<?xml version="1.0" encoding="UTF-8"?>
<!-- Generated by org.testng.reporters.JUnitXMLReporter -->
<testsuite ignored="0" hostname="1L7W1B3" failures="0" tests="3" name="Command line test" time="16.339" errors="0" timestamp="2022-03-05T11:05:48 CET">
  <testcase classname="CartTest" name="shouldCheckCart" time="5.952"/>
  <testcase classname="UserLoginTest" name="ShouldLoginCorrectly" time="0.856"/>
  <testcase classname="UserRegistrationTest" name="shouldRegisterCorrectly" time="1.591"/>
</testsuite> <!-- Command line test -->
