<?xml version="1.0" encoding="UTF-8"?>
<testng-results ignored="0" total="3" passed="3" failed="0" skipped="0">
  <reporter-output>
  </reporter-output>
  <suite started-at="2022-03-05T11:05:32 CET" name="Command line suite" finished-at="2022-03-05T11:05:48 CET" duration-ms="16339">
    <groups>
    </groups>
    <test started-at="2022-03-05T11:05:32 CET" name="Command line test" finished-at="2022-03-05T11:05:48 CET" duration-ms="16339">
      <class name="UserRegistrationTest">
        <test-method is-config="true" signature="setUp()[pri:0, instance:UserRegistrationTest@752325ad]" started-at="2022-03-05T11:05:45 CET" name="setUp" finished-at="2022-03-05T11:05:46 CET" duration-ms="1482" status="PASS">
          <reporter-output>
          </reporter-output>
        </test-method> <!-- setUp -->
        <test-method is-config="true" signature="pagesSetup()[pri:0, instance:UserRegistrationTest@752325ad]" started-at="2022-03-05T11:05:46 CET" name="pagesSetup" finished-at="2022-03-05T11:05:46 CET" duration-ms="9" status="PASS">
          <reporter-output>
          </reporter-output>
        </test-method> <!-- pagesSetup -->
        <test-method signature="shouldRegisterCorrectly()[pri:0, instance:UserRegistrationTest@752325ad]" started-at="2022-03-05T11:05:46 CET" name="shouldRegisterCorrectly" finished-at="2022-03-05T11:05:48 CET" duration-ms="1591" status="PASS">
          <reporter-output>
          </reporter-output>
        </test-method> <!-- shouldRegisterCorrectly -->
        <test-method is-config="true" signature="tearDown()[pri:0, instance:UserRegistrationTest@752325ad]" started-at="2022-03-05T11:05:48 CET" name="tearDown" finished-at="2022-03-05T11:05:48 CET" duration-ms="126" status="PASS">
          <reporter-output>
          </reporter-output>
        </test-method> <!-- tearDown -->
      </class> <!-- UserRegistrationTest -->
      <class name="UserLoginTest">
        <test-method is-config="true" signature="setUp()[pri:0, instance:UserLoginTest@3a52dba3]" started-at="2022-03-05T11:05:42 CET" name="setUp" finished-at="2022-03-05T11:05:44 CET" duration-ms="1525" status="PASS">
          <reporter-output>
          </reporter-output>
        </test-method> <!-- setUp -->
        <test-method is-config="true" signature="pagesSetup()[pri:0, instance:UserLoginTest@3a52dba3]" started-at="2022-03-05T11:05:44 CET" name="pagesSetup" finished-at="2022-03-05T11:05:44 CET" duration-ms="8" status="PASS">
          <reporter-output>
          </reporter-output>
        </test-method> <!-- pagesSetup -->
        <test-method signature="ShouldLoginCorrectly()[pri:0, instance:UserLoginTest@3a52dba3]" started-at="2022-03-05T11:05:44 CET" name="ShouldLoginCorrectly" finished-at="2022-03-05T11:05:45 CET" duration-ms="856" status="PASS">
          <reporter-output>
          </reporter-output>
        </test-method> <!-- ShouldLoginCorrectly -->
        <test-method is-config="true" signature="tearDown()[pri:0, instance:UserLoginTest@3a52dba3]" started-at="2022-03-05T11:05:45 CET" name="tearDown" finished-at="2022-03-05T11:05:45 CET" duration-ms="141" status="PASS">
          <reporter-output>
          </reporter-output>
        </test-method> <!-- tearDown -->
      </class> <!-- UserLoginTest -->
      <class name="CartTest">
        <test-method is-config="true" signature="setUp()[pri:0, instance:CartTest@79079097]" started-at="2022-03-05T11:05:32 CET" name="setUp" finished-at="2022-03-05T11:05:36 CET" duration-ms="4295" status="PASS">
          <reporter-output>
          </reporter-output>
        </test-method> <!-- setUp -->
        <test-method is-config="true" signature="pagesSetup()[pri:0, instance:CartTest@79079097]" started-at="2022-03-05T11:05:36 CET" name="pagesSetup" finished-at="2022-03-05T11:05:36 CET" duration-ms="133" status="PASS">
          <reporter-output>
          </reporter-output>
        </test-method> <!-- pagesSetup -->
        <test-method signature="shouldCheckCart()[pri:0, instance:CartTest@79079097]" started-at="2022-03-05T11:05:36 CET" name="shouldCheckCart" finished-at="2022-03-05T11:05:42 CET" duration-ms="5952" status="PASS">
          <reporter-output>
          </reporter-output>
        </test-method> <!-- shouldCheckCart -->
        <test-method is-config="true" signature="tearDown()[pri:0, instance:CartTest@79079097]" started-at="2022-03-05T11:05:42 CET" name="tearDown" finished-at="2022-03-05T11:05:42 CET" duration-ms="176" status="PASS">
          <reporter-output>
          </reporter-output>
        </test-method> <!-- tearDown -->
      </class> <!-- CartTest -->
    </test> <!-- Command line test -->
  </suite> <!-- Command line suite -->
</testng-results>
